<?xml version="1.0" encoding="UTF-8"?>
<!-- Generated by org.testng.reporters.JUnitReportReporter -->
<testsuite hostname="DESKTOP-E1K2OQS" name="RESTFramework.OAuth2" tests="1" failures="0" timestamp="25 Nov 2019 20:25:49 GMT" time="18.115" errors="0">
  <testcase name="QAuthTest" time="18.115" classname="RESTFramework.OAuth2"/>
</testsuite> <!-- RESTFramework.OAuth2 -->
