<?xml version="1.0" encoding="UTF-8"?>
<!-- Generated by org.testng.reporters.JUnitReportReporter -->
<testsuite hostname="DESKTOP-E1K2OQS" name="RESTFramework.JSONFromHashMap" tests="1" failures="0" timestamp="25 Nov 2019 20:25:49 GMT" time="1.818" errors="0">
  <testcase name="JsonFromHashMap" time="1.818" classname="RESTFramework.JSONFromHashMap"/>
</testsuite> <!-- RESTFramework.JSONFromHashMap -->
