<?xml version="1.0" encoding="UTF-8"?>
<!-- Generated by org.testng.reporters.JUnitReportReporter -->
<testsuite hostname="DESKTOP-E1K2OQS" name="RESTFramework.AddDeletePlaceXml" tests="1" failures="0" timestamp="25 Nov 2019 20:25:49 GMT" time="1.470" errors="0">
  <testcase name="addPlacePost" time="1.470" classname="RESTFramework.AddDeletePlaceXml"/>
</testsuite> <!-- RESTFramework.AddDeletePlaceXml -->
