<?xml version="1.0" encoding="UTF-8"?>
<!-- Generated by org.testng.reporters.JUnitReportReporter -->
<testsuite hostname="DESKTOP-E1K2OQS" name="RESTFramework.AddLibrary" tests="3" failures="0" timestamp="22 Nov 2019 17:08:07 GMT" time="3.684" errors="0">
  <testcase name="addPlacePost" time="1.234" classname="RESTFramework.AddLibrary"/>
  <testcase name="addPlacePost" time="1.217" classname="RESTFramework.AddLibrary"/>
  <testcase name="addPlacePost" time="1.233" classname="RESTFramework.AddLibrary"/>
</testsuite> <!-- RESTFramework.AddLibrary -->
