<?xml version="1.0" encoding="UTF-8"?>
<!-- Generated by org.testng.reporters.JUnitReportReporter -->
<testsuite hostname="DESKTOP-E1K2OQS" name="RESTFramework.AddDeletePlaceAPI" tests="1" failures="0" timestamp="2 Sep 2018 11:28:32 GMT" time="3.438" errors="0">
  <testcase name="addPlacePost" time="3.438" classname="RESTFramework.AddDeletePlaceAPI"/>
</testsuite> <!-- RESTFramework.AddDeletePlaceAPI -->
