<?xml version="1.0" encoding="UTF-8"?>
<!-- Generated by org.testng.reporters.JUnitReportReporter -->
<testsuite hostname="DESKTOP-E1K2OQS" name="RESTFramework.ExcelDriven" tests="1" failures="0" timestamp="25 Nov 2019 19:05:10 GMT" time="0.637" errors="0">
  <testcase name="ExcelDriven12" time="0.637" classname="RESTFramework.ExcelDriven"/>
</testsuite> <!-- RESTFramework.ExcelDriven -->
