<?xml version="1.0" encoding="UTF-8"?>
<!-- Generated by org.testng.reporters.JUnitReportReporter -->
<testsuite hostname="DESKTOP-E1K2OQS" name="RESTFramework.JiraApi" tests="1" failures="0" timestamp="7 Sep 2018 20:23:48 GMT" time="2.296" errors="0">
  <testcase name="createIssue" time="2.296" classname="RESTFramework.JiraApi"/>
</testsuite> <!-- RESTFramework.JiraApi -->
