<?xml version="1.0" encoding="UTF-8"?>
<!-- Generated by org.testng.reporters.JUnitReportReporter -->
<testsuite hostname="DESKTOP-E1K2OQS" name="RESTFramework.AddBookParametrization" tests="3" failures="0" timestamp="25 Nov 2019 20:25:49 GMT" time="3.794" errors="0">
  <testcase name="addPlacePost" time="1.258" classname="RESTFramework.AddBookParametrization"/>
  <testcase name="addPlacePost" time="1.279" classname="RESTFramework.AddBookParametrization"/>
  <testcase name="addPlacePost" time="1.257" classname="RESTFramework.AddBookParametrization"/>
</testsuite> <!-- RESTFramework.AddBookParametrization -->
