<?xml version="1.0" encoding="UTF-8"?>
<!-- Generated by org.testng.reporters.JUnitReportReporter -->
<testsuite hostname="DESKTOP-E1K2OQS" name="RESTFramework.AddPlaceAPI" tests="1" failures="0" timestamp="2 Sep 2018 10:49:40 GMT" time="4.293" errors="0">
  <testcase name="addPlacePost" time="4.293" classname="RESTFramework.AddPlaceAPI"/>
</testsuite> <!-- RESTFramework.AddPlaceAPI -->
