<?xml version="1.0" encoding="UTF-8"?>
<!-- Generated by org.testng.reporters.JUnitReportReporter -->
<testsuite hostname="DESKTOP-E1K2OQS" name="RESTFramework.JavaPractice" tests="1" failures="0" timestamp="25 Nov 2019 20:25:49 GMT" time="1.250" errors="0">
  <testcase name="Sample" time="1.250" classname="RESTFramework.JavaPractice"/>
</testsuite> <!-- RESTFramework.JavaPractice -->
