<?xml version="1.0" encoding="UTF-8"?>
<!-- Generated by org.testng.reporters.JUnitReportReporter -->
<testsuite hostname="DESKTOP-E1K2OQS" name="RESTFramework.AddBookParametrizationTest" tests="3" failures="0" timestamp="26 Nov 2019 18:38:41 GMT" time="3.626" errors="0">
  <testcase name="addPlacePost" time="1.221" classname="RESTFramework.AddBookParametrizationTest"/>
  <testcase name="addPlacePost" time="1.210" classname="RESTFramework.AddBookParametrizationTest"/>
  <testcase name="addPlacePost" time="1.195" classname="RESTFramework.AddBookParametrizationTest"/>
</testsuite> <!-- RESTFramework.AddBookParametrizationTest -->
