<?xml version="1.0" encoding="UTF-8"?>
<!-- Generated by org.testng.reporters.JUnitReportReporter -->
<testsuite hostname="DESKTOP-E1K2OQS" name="RESTFramework.JavaPracticeTest" tests="1" failures="0" timestamp="26 Nov 2019 18:38:41 GMT" time="1.346" errors="0">
  <testcase name="Sample" time="1.346" classname="RESTFramework.JavaPracticeTest"/>
</testsuite> <!-- RESTFramework.JavaPracticeTest -->
