<?xml version="1.0" encoding="UTF-8"?>
<!-- Generated by org.testng.reporters.JUnitReportReporter -->
<testsuite hostname="DESKTOP-E1K2OQS" name="RESTFramework.OAuth2Test" tests="1" failures="0" timestamp="26 Nov 2019 18:38:41 GMT" time="21.656" errors="0">
  <testcase name="QAuthTest" time="21.656" classname="RESTFramework.OAuth2Test"/>
</testsuite> <!-- RESTFramework.OAuth2Test -->
