<?xml version="1.0" encoding="UTF-8"?>
<!-- Generated by org.testng.reporters.JUnitReportReporter -->
<testsuite hostname="DESKTOP-E1K2OQS" name="RESTFramework.PracticeJIRATest" tests="1" failures="0" timestamp="26 Nov 2019 18:38:41 GMT" time="13.114" errors="0">
  <testcase name="CreateJiraIssue" time="13.114" classname="RESTFramework.PracticeJIRATest"/>
</testsuite> <!-- RESTFramework.PracticeJIRATest -->
